[2014-06-09 10:58:21.144] [INFO] crash-log - [32m[/home/zhaojianwei/pomelo/xman/game-server/node_modules/pomelo/lib/master/master.js] [39m[login],[login-server-1],[1402282701144],[disconnect]
[2014-06-09 10:58:21.344] [INFO] crash-log - [32m[/home/zhaojianwei/pomelo/xman/game-server/node_modules/pomelo/lib/master/master.js] [39m[gate],[gate-server-1],[1402282701344],[disconnect]
[2014-06-09 10:58:21.346] [INFO] crash-log - [32m[/home/zhaojianwei/pomelo/xman/game-server/node_modules/pomelo/lib/master/master.js] [39m[connector],[connector-server-1],[1402282701346],[disconnect]
[2014-06-09 11:01:45.522] [INFO] crash-log - [32m[/home/zhaojianwei/pomelo/xman/game-server/node_modules/pomelo/lib/master/master.js] [39m[login],[login-server-1],[1402282905522],[disconnect]
[2014-06-09 11:01:45.721] [INFO] crash-log - [32m[/home/zhaojianwei/pomelo/xman/game-server/node_modules/pomelo/lib/master/master.js] [39m[gate],[gate-server-1],[1402282905721],[disconnect]
[2014-06-09 11:01:45.723] [INFO] crash-log - [32m[/home/zhaojianwei/pomelo/xman/game-server/node_modules/pomelo/lib/master/master.js] [39m[connector],[connector-server-1],[1402282905723],[disconnect]
[2014-06-09 11:09:38.950] [INFO] crash-log - [32m[/home/zhaojianwei/pomelo/xman/game-server/node_modules/pomelo/lib/master/master.js] [39m[login],[login-server-1],[1402283378950],[disconnect]
[2014-06-09 11:09:39.150] [INFO] crash-log - [32m[/home/zhaojianwei/pomelo/xman/game-server/node_modules/pomelo/lib/master/master.js] [39m[gate],[gate-server-1],[1402283379150],[disconnect]
[2014-06-09 11:09:39.152] [INFO] crash-log - [32m[/home/zhaojianwei/pomelo/xman/game-server/node_modules/pomelo/lib/master/master.js] [39m[connector],[connector-server-1],[1402283379152],[disconnect]
[2014-06-09 11:23:00.124] [INFO] crash-log - [32m[/home/zhaojianwei/pomelo/xman/game-server/node_modules/pomelo/lib/master/master.js] [39m[login],[login-server-1],[1402284180124],[disconnect]
[2014-06-09 11:23:00.324] [INFO] crash-log - [32m[/home/zhaojianwei/pomelo/xman/game-server/node_modules/pomelo/lib/master/master.js] [39m[gate],[gate-server-1],[1402284180324],[disconnect]
[2014-06-09 11:23:00.326] [INFO] crash-log - [32m[/home/zhaojianwei/pomelo/xman/game-server/node_modules/pomelo/lib/master/master.js] [39m[connector],[connector-server-1],[1402284180326],[disconnect]
[2014-06-09 11:37:27.754] [INFO] crash-log - [32m[/home/zhaojianwei/pomelo/xman/game-server/node_modules/pomelo/lib/master/master.js] [39m[login],[login-server-1],[1402285047754],[disconnect]
[2014-06-09 11:37:27.953] [INFO] crash-log - [32m[/home/zhaojianwei/pomelo/xman/game-server/node_modules/pomelo/lib/master/master.js] [39m[gate],[gate-server-1],[1402285047953],[disconnect]
[2014-06-09 11:37:27.955] [INFO] crash-log - [32m[/home/zhaojianwei/pomelo/xman/game-server/node_modules/pomelo/lib/master/master.js] [39m[connector],[connector-server-1],[1402285047955],[disconnect]
[2014-06-09 11:38:54.738] [INFO] crash-log - [32m[/home/zhaojianwei/pomelo/xman/game-server/node_modules/pomelo/lib/master/master.js] [39m[login],[login-server-1],[1402285134738],[disconnect]
[2014-06-09 11:38:54.938] [INFO] crash-log - [32m[/home/zhaojianwei/pomelo/xman/game-server/node_modules/pomelo/lib/master/master.js] [39m[gate],[gate-server-1],[1402285134938],[disconnect]
[2014-06-09 11:38:54.940] [INFO] crash-log - [32m[/home/zhaojianwei/pomelo/xman/game-server/node_modules/pomelo/lib/master/master.js] [39m[connector],[connector-server-1],[1402285134940],[disconnect]
[2014-06-09 11:39:46.174] [INFO] crash-log - [32m[/home/zhaojianwei/pomelo/xman/game-server/node_modules/pomelo/lib/master/master.js] [39m[login],[login-server-1],[1402285186174],[disconnect]
[2014-06-09 11:39:46.370] [INFO] crash-log - [32m[/home/zhaojianwei/pomelo/xman/game-server/node_modules/pomelo/lib/master/master.js] [39m[connector],[connector-server-1],[1402285186370],[disconnect]
[2014-06-09 11:39:46.372] [INFO] crash-log - [32m[/home/zhaojianwei/pomelo/xman/game-server/node_modules/pomelo/lib/master/master.js] [39m[gate],[gate-server-1],[1402285186372],[disconnect]
[2014-06-09 12:10:43.348] [INFO] crash-log - [32m[/home/zhaojianwei/pomelo/xman/game-server/node_modules/pomelo/lib/master/master.js] [39m[login],[login-server-1],[1402287043348],[disconnect]
[2014-06-09 12:10:43.546] [INFO] crash-log - [32m[/home/zhaojianwei/pomelo/xman/game-server/node_modules/pomelo/lib/master/master.js] [39m[gate],[gate-server-1],[1402287043546],[disconnect]
[2014-06-09 12:10:43.549] [INFO] crash-log - [32m[/home/zhaojianwei/pomelo/xman/game-server/node_modules/pomelo/lib/master/master.js] [39m[connector],[connector-server-1],[1402287043549],[disconnect]
[2014-06-09 12:11:58.477] [INFO] crash-log - [32m[/home/zhaojianwei/pomelo/xman/game-server/node_modules/pomelo/lib/master/master.js] [39m[login],[login-server-1],[1402287118477],[disconnect]
[2014-06-09 12:11:58.677] [INFO] crash-log - [32m[/home/zhaojianwei/pomelo/xman/game-server/node_modules/pomelo/lib/master/master.js] [39m[gate],[gate-server-1],[1402287118676],[disconnect]
[2014-06-09 12:11:58.678] [INFO] crash-log - [32m[/home/zhaojianwei/pomelo/xman/game-server/node_modules/pomelo/lib/master/master.js] [39m[connector],[connector-server-1],[1402287118678],[disconnect]
[2014-06-09 12:12:45.477] [INFO] crash-log - [32m[/home/zhaojianwei/pomelo/xman/game-server/node_modules/pomelo/lib/master/master.js] [39m[login],[login-server-1],[1402287165477],[disconnect]
[2014-06-09 12:12:45.676] [INFO] crash-log - [32m[/home/zhaojianwei/pomelo/xman/game-server/node_modules/pomelo/lib/master/master.js] [39m[gate],[gate-server-1],[1402287165676],[disconnect]
[2014-06-09 12:12:45.678] [INFO] crash-log - [32m[/home/zhaojianwei/pomelo/xman/game-server/node_modules/pomelo/lib/master/master.js] [39m[connector],[connector-server-1],[1402287165678],[disconnect]
[2014-06-09 13:15:10.731] [INFO] crash-log - [32m[/home/zhaojianwei/pomelo/xman/game-server/node_modules/pomelo/lib/master/master.js] [39m[login],[login-server-1],[1402290910731],[disconnect]
[2014-06-09 13:15:10.930] [INFO] crash-log - [32m[/home/zhaojianwei/pomelo/xman/game-server/node_modules/pomelo/lib/master/master.js] [39m[gate],[gate-server-1],[1402290910930],[disconnect]
[2014-06-09 13:15:10.932] [INFO] crash-log - [32m[/home/zhaojianwei/pomelo/xman/game-server/node_modules/pomelo/lib/master/master.js] [39m[connector],[connector-server-1],[1402290910932],[disconnect]
[2014-06-09 13:29:39.808] [INFO] crash-log - [32m[/home/zhaojianwei/pomelo/xman/game-server/node_modules/pomelo/lib/master/master.js] [39m[login],[login-server-1],[1402291779808],[disconnect]
[2014-06-09 13:29:40.007] [INFO] crash-log - [32m[/home/zhaojianwei/pomelo/xman/game-server/node_modules/pomelo/lib/master/master.js] [39m[gate],[gate-server-1],[1402291780007],[disconnect]
[2014-06-09 13:29:40.009] [INFO] crash-log - [32m[/home/zhaojianwei/pomelo/xman/game-server/node_modules/pomelo/lib/master/master.js] [39m[connector],[connector-server-1],[1402291780009],[disconnect]
[2014-06-09 13:35:05.039] [INFO] crash-log - [32m[/home/zhaojianwei/pomelo/xman/game-server/node_modules/pomelo/lib/master/master.js] [39m[login],[login-server-1],[1402292105039],[disconnect]
[2014-06-09 13:35:05.238] [INFO] crash-log - [32m[/home/zhaojianwei/pomelo/xman/game-server/node_modules/pomelo/lib/master/master.js] [39m[gate],[gate-server-1],[1402292105238],[disconnect]
[2014-06-09 13:35:05.241] [INFO] crash-log - [32m[/home/zhaojianwei/pomelo/xman/game-server/node_modules/pomelo/lib/master/master.js] [39m[connector],[connector-server-1],[1402292105241],[disconnect]
[2014-06-10 10:18:59.328] [INFO] crash-log - [32m[/home/zhaojianwei/pomelo/xman/game-server/node_modules/pomelo/lib/master/master.js] [39m[login],[login-server-1],[1402366739328],[disconnect]
[2014-06-10 10:18:59.526] [INFO] crash-log - [32m[/home/zhaojianwei/pomelo/xman/game-server/node_modules/pomelo/lib/master/master.js] [39m[gate],[gate-server-1],[1402366739526],[disconnect]
[2014-06-10 10:18:59.529] [INFO] crash-log - [32m[/home/zhaojianwei/pomelo/xman/game-server/node_modules/pomelo/lib/master/master.js] [39m[connector],[connector-server-1],[1402366739529],[disconnect]
[2014-06-10 10:39:17.170] [INFO] crash-log - [32m[/home/zhaojianwei/pomelo/xman/game-server/node_modules/pomelo/lib/master/master.js] [39m[login],[login-server-1],[1402367957170],[disconnect]
[2014-06-10 10:39:17.369] [INFO] crash-log - [32m[/home/zhaojianwei/pomelo/xman/game-server/node_modules/pomelo/lib/master/master.js] [39m[gate],[gate-server-1],[1402367957369],[disconnect]
[2014-06-10 10:39:17.371] [INFO] crash-log - [32m[/home/zhaojianwei/pomelo/xman/game-server/node_modules/pomelo/lib/master/master.js] [39m[connector],[connector-server-1],[1402367957371],[disconnect]
[2014-06-10 11:56:11.344] [INFO] crash-log - [32m[/home/zhaojianwei/pomelo/xman/game-server/node_modules/pomelo/lib/master/master.js] [39m[login],[login-server-1],[1402372571344],[disconnect]
[2014-06-10 11:56:11.544] [INFO] crash-log - [32m[/home/zhaojianwei/pomelo/xman/game-server/node_modules/pomelo/lib/master/master.js] [39m[connector],[connector-server-1],[1402372571544],[disconnect]
[2014-06-10 11:56:11.546] [INFO] crash-log - [32m[/home/zhaojianwei/pomelo/xman/game-server/node_modules/pomelo/lib/master/master.js] [39m[gate],[gate-server-1],[1402372571546],[disconnect]
[2014-06-10 11:57:26.121] [INFO] crash-log - [32m[/home/zhaojianwei/pomelo/xman/game-server/node_modules/pomelo/lib/master/master.js] [39m[login],[login-server-1],[1402372646121],[disconnect]
[2014-06-10 11:59:13.318] [INFO] crash-log - [32m[/home/zhaojianwei/pomelo/xman/game-server/node_modules/pomelo/lib/master/master.js] [39m[login],[login-server-1],[1402372753317],[disconnect]
[2014-06-10 11:59:13.518] [INFO] crash-log - [32m[/home/zhaojianwei/pomelo/xman/game-server/node_modules/pomelo/lib/master/master.js] [39m[gate],[gate-server-1],[1402372753518],[disconnect]
[2014-06-10 11:59:13.521] [INFO] crash-log - [32m[/home/zhaojianwei/pomelo/xman/game-server/node_modules/pomelo/lib/master/master.js] [39m[connector],[connector-server-1],[1402372753521],[disconnect]
[2014-06-10 12:03:02.959] [INFO] crash-log - [32m[/home/zhaojianwei/pomelo/xman/game-server/node_modules/pomelo/lib/master/master.js] [39m[login],[login-server-1],[1402372982959],[disconnect]
[2014-06-10 12:03:03.159] [INFO] crash-log - [32m[/home/zhaojianwei/pomelo/xman/game-server/node_modules/pomelo/lib/master/master.js] [39m[gate],[gate-server-1],[1402372983159],[disconnect]
[2014-06-10 12:03:03.161] [INFO] crash-log - [32m[/home/zhaojianwei/pomelo/xman/game-server/node_modules/pomelo/lib/master/master.js] [39m[connector],[connector-server-1],[1402372983161],[disconnect]
[2014-06-11 10:54:14.155] [INFO] crash-log - [32m[/home/zhaojianwei/pomelo/xman/game-server/node_modules/pomelo/lib/master/master.js] [39m[login],[login-server-1],[1402455254155],[disconnect]
[2014-06-11 10:54:14.354] [INFO] crash-log - [32m[/home/zhaojianwei/pomelo/xman/game-server/node_modules/pomelo/lib/master/master.js] [39m[gate],[gate-server-1],[1402455254354],[disconnect]
[2014-06-11 10:54:14.359] [INFO] crash-log - [32m[/home/zhaojianwei/pomelo/xman/game-server/node_modules/pomelo/lib/master/master.js] [39m[connector],[connector-server-1],[1402455254359],[disconnect]
[2014-06-11 11:15:25.575] [INFO] crash-log - [32m[/home/zhaojianwei/pomelo/xman/game-server/node_modules/pomelo/lib/master/master.js] [39m[login],[login-server-1],[1402456525575],[disconnect]
[2014-06-11 11:15:25.774] [INFO] crash-log - [32m[/home/zhaojianwei/pomelo/xman/game-server/node_modules/pomelo/lib/master/master.js] [39m[gate],[gate-server-1],[1402456525774],[disconnect]
[2014-06-11 11:15:25.777] [INFO] crash-log - [32m[/home/zhaojianwei/pomelo/xman/game-server/node_modules/pomelo/lib/master/master.js] [39m[connector],[connector-server-1],[1402456525777],[disconnect]
[2014-06-11 12:05:36.363] [INFO] crash-log - [32m[/home/zhaojianwei/pomelo/xman/game-server/node_modules/pomelo/lib/master/master.js] [39m[login],[login-server-1],[1402459536363],[disconnect]
[2014-06-11 12:05:36.564] [INFO] crash-log - [32m[/home/zhaojianwei/pomelo/xman/game-server/node_modules/pomelo/lib/master/master.js] [39m[gate],[gate-server-1],[1402459536564],[disconnect]
[2014-06-11 12:05:36.566] [INFO] crash-log - [32m[/home/zhaojianwei/pomelo/xman/game-server/node_modules/pomelo/lib/master/master.js] [39m[connector],[connector-server-1],[1402459536565],[disconnect]
[2014-06-11 14:18:35.390] [INFO] crash-log - [32m[/home/zhaojianwei/pomelo/xman/game-server/node_modules/pomelo/lib/master/master.js] [39m[login],[login-server-1],[1402467515390],[disconnect]
[2014-06-11 14:18:35.589] [INFO] crash-log - [32m[/home/zhaojianwei/pomelo/xman/game-server/node_modules/pomelo/lib/master/master.js] [39m[gate],[gate-server-1],[1402467515589],[disconnect]
[2014-06-11 14:18:35.592] [INFO] crash-log - [32m[/home/zhaojianwei/pomelo/xman/game-server/node_modules/pomelo/lib/master/master.js] [39m[connector],[connector-server-1],[1402467515591],[disconnect]
[2014-06-12 16:37:41.631] [INFO] crash-log - [32m[/home/zhaojianwei/pomelo/xman/game-server/node_modules/pomelo/lib/master/master.js] [39m[client],[pomelo_list_1402562261426],[1402562261631],[disconnect]
[2014-06-17 18:00:16.738] [INFO] crash-log - [32m[/home/zhaojianwei/pomelo/xman/game-server/node_modules/pomelo/lib/master/master.js] [39m[fire],[fire-server-1],[1402999216738],[disconnect]
[2014-06-17 18:00:16.742] [INFO] crash-log - [32m[/home/zhaojianwei/pomelo/xman/game-server/node_modules/pomelo/lib/master/master.js] [39m[gate],[gate-server-1],[1402999216742],[disconnect]
[2014-06-17 18:00:16.744] [INFO] crash-log - [32m[/home/zhaojianwei/pomelo/xman/game-server/node_modules/pomelo/lib/master/master.js] [39m[connector],[connector-server-1],[1402999216744],[disconnect]
